[debug] [2021-12-25T23:43:20.129Z] ----------------------------------------------------------------------
[debug] [2021-12-25T23:43:20.132Z] Command:       C:\Program Files\nodejs\node.exe C:\Users\wilkh\AppData\Roaming\npm\node_modules\firebase-tools\lib\bin\firebase.js init
[debug] [2021-12-25T23:43:20.133Z] CLI Version:   10.0.1
[debug] [2021-12-25T23:43:20.133Z] Platform:      win32
[debug] [2021-12-25T23:43:20.133Z] Node Version:  v16.13.1
[debug] [2021-12-25T23:43:20.134Z] Time:          Sat Dec 25 2021 18:43:20 GMT-0500 (Eastern Standard Time)
[debug] [2021-12-25T23:43:20.134Z] ----------------------------------------------------------------------
[debug] 
[debug] [2021-12-25T23:43:20.198Z] > command requires scopes: ["email","openid","https://www.googleapis.com/auth/cloudplatformprojects.readonly","https://www.googleapis.com/auth/firebase","https://www.googleapis.com/auth/cloud-platform"]
[debug] [2021-12-25T23:43:20.199Z] > authorizing via signed-in user (wilkhoo.tejas@gmail.com)
[info] 
     ######## #### ########  ######## ########     ###     ######  ########
     ##        ##  ##     ## ##       ##     ##  ##   ##  ##       ##
     ######    ##  ########  ######   ########  #########  ######  ######
     ##        ##  ##    ##  ##       ##     ## ##     ##       ## ##
     ##       #### ##     ## ######## ########  ##     ##  ######  ########

You're about to initialize a Firebase project in this directory:

  C:\Users\wilkh\Documents\Code\firechat\firechat

Before we get started, keep in mind:

  * You are initializing within an existing Firebase project directory

